
Creating SequenceGenerator 2018-06-18T19:31:21.302
Creating aggregator 2018-06-18T19:31:21.309
Creating FileOutput 2018-06-18T19:31:21.311
Creating SequenceGenerator 2018-06-18T19:31:22.900
Creating aggregator 2018-06-18T19:31:22.903
Creating FileOutput 2018-06-18T19:31:22.904
Creating SequenceGenerator 2018-06-18T19:31:28.020
Creating aggregator 2018-06-18T19:31:28.024
Creating FileOutput 2018-06-18T19:31:28.030
Creating SequenceGenerator 2018-06-18T19:31:29.209
Creating aggregator 2018-06-18T19:31:29.209
Creating FileOutput 2018-06-18T19:31:29.209
Creating FileOutput 2018-06-18T19:31:45.447
Creating aggregator 2018-06-18T19:31:45.592
Creating SequenceGenerator 2018-06-18T19:31:45.688
0.2991942806083623
[1.0]
0.6470772626987823
0.6412691712681338
0.8425731817474974
[1.0, 2.0]
[1.0, 2.0, 3.0]
[1.0, 2.0, 3.0, 4.0]
0.45836919627390016
0.8603306829023919
[1.0, 2.0, 3.0, 4.0, 5.0]
0.5018669202237626
[1.0, 2.0, 3.0, 4.0, 5.0, 6.0]
0.7397686363030369
[1.0, 2.0, 3.0, 4.0, 5.0, 6.0, 7.0]
[1.0, 2.0, 3.0, 4.0, 5.0, 6.0, 7.0, 8.0]
0.9885401570134417
0.7185557810584338
0.8483405599389591
[1.0, 2.0, 3.0, 4.0, 5.0, 6.0, 7.0, 8.0, 9.0]
[1.0, 2.0, 3.0, 4.0, 5.0, 6.0, 7.0, 8.0, 9.0, 10.0]
[1.0, 2.0, 3.0, 4.0, 5.0, 6.0, 7.0, 8.0, 9.0, 10.0, 11.0]
0.3677517088207428
[1.0, 2.0, 3.0, 4.0, 5.0, 6.0, 7.0, 8.0, 9.0, 10.0, 11.0, 12.0]
0.8314783180437564
[1.0, 2.0, 3.0, 4.0, 5.0, 6.0, 7.0, 8.0, 9.0, 10.0, 11.0, 12.0, 13.0]
0.005136946561266953
Failing aggregator! 2018-06-18T19:31:45.960
Creating FileOutput 2018-06-18T19:31:54.614
Creating aggregator 2018-06-18T19:31:54.616
0.3338501086463256
0.19625596719755467
0.6455517683941918
0.5213328326209828
0.5094263932295154
0.32648182764183875
0.3458587133885115
0.8234778589703621
0.5019271261719621
0.37585919906924414
0.41531675289206027
0.7658415455448027
0.4012004862345543
0.21288460889725336
0.08749244180572446
Failing aggregator! 2018-06-18T19:31:54.736
[1.0, 2.0, 3.0, 4.0, 5.0, 6.0, 7.0, 8.0, 9.0, 10.0, 11.0, 12.0, 13.0]
[1.0, 2.0, 3.0, 4.0, 5.0, 6.0, 7.0, 8.0, 9.0, 10.0, 11.0, 12.0, 13.0, 14.0]
Creating FileOutput 2018-06-18T19:32:03.716
Creating aggregator 2018-06-18T19:32:03.777
0.2747331551253147
0.15513730340674226
0.1830356388045461
0.8988739072650126
0.7534912872682717
0.5457443444418044
0.33748489293497685
0.010850556715012116
Failing aggregator! 2018-06-18T19:32:03.872
Creating aggregator 2018-06-18T19:32:13.004
0.905751407766398
0.9847355501956556
0.3854023223102345
0.9617708002718874
0.5701082122363965
0.14052588399353194
0.7075959185923554
0.6243312113212536
0.6895275229578048
0.6998542420983763
0.6728910501744675
0.5984443050466568
0.5742015336213638
0.6109350074003457
0.805281142711375
0.7717366636927099
0.4923874931991423
0.8765513040389126
0.04158705107447869
Failing aggregator! 2018-06-18T19:32:13.123
Creating FileOutput 2018-06-18T19:32:13.311
[1.0, 2.0, 3.0, 4.0, 5.0, 6.0, 7.0, 8.0, 9.0, 10.0, 11.0, 12.0, 13.0, 14.0]
[1.0, 2.0, 3.0, 4.0, 5.0, 6.0, 7.0, 8.0, 9.0, 10.0, 11.0, 12.0, 13.0, 14.0, 15.0]
[1.0, 2.0, 3.0, 4.0, 5.0, 6.0, 7.0, 8.0, 9.0, 10.0, 11.0, 12.0, 13.0, 14.0, 15.0, 16.0]
[1.0, 2.0, 3.0, 4.0, 5.0, 6.0, 7.0, 8.0, 9.0, 10.0, 11.0, 12.0, 13.0, 14.0, 15.0, 16.0, 17.0]
[1.0, 2.0, 3.0, 4.0, 5.0, 6.0, 7.0, 8.0, 9.0, 10.0, 11.0, 12.0, 13.0, 14.0, 15.0, 16.0, 17.0, 18.0]
Creating aggregator 2018-06-18T19:32:22.045
0.8995506286770762
0.6536770590487521
0.541535834159213
0.30449847098290794
0.40702893297525
0.019667074796365758
Failing aggregator! 2018-06-18T19:32:22.164
Creating FileOutput 2018-06-18T19:32:22.387
Creating aggregator 2018-06-18T19:32:31.434
Creating FileOutput 2018-06-18T19:32:31.469
0.35558890077485106
0.24648459599589412
0.8286896271449046
0.30307885974967064
0.17271683388802006
0.9280027829185442
0.07387955832547033
Failing aggregator! 2018-06-18T19:32:31.605
Creating aggregator 2018-06-18T19:32:40.279
0.3141500906226785
0.3541280760044909
0.2957285874765233
0.894386923907352
0.3390422846405867
0.7575317217117583
0.4749169032258401
0.28343005260236454
0.5442798592061407
0.5558042960208578
0.10814011336662288
0.49799142009116915
0.5467456639646556
0.5520157462184655
0.6825328243234645
0.7470470915464332
0.4233217486262988
0.5175165420214826
0.6013822794052328
0.1925728819714808
0.015165952873166022
Failing aggregator! 2018-06-18T19:32:40.394
Creating FileOutput 2018-06-18T19:32:40.546
[1.0, 2.0, 3.0, 4.0, 5.0, 6.0, 7.0, 8.0, 9.0, 10.0, 11.0, 12.0, 13.0, 14.0, 15.0, 16.0, 17.0, 18.0]
[1.0, 2.0, 3.0, 4.0, 5.0, 6.0, 7.0, 8.0, 9.0, 10.0, 11.0, 12.0, 13.0, 14.0, 15.0, 16.0, 17.0, 18.0, 19.0]
[1.0, 2.0, 3.0, 4.0, 5.0, 6.0, 7.0, 8.0, 9.0, 10.0, 11.0, 12.0, 13.0, 14.0, 15.0, 16.0, 17.0, 18.0, 19.0, 20.0]
Creating aggregator 2018-06-18T19:32:49.794
0.8361713200847121
0.498569344355818
0.5617142883033883
0.8855590378467267
0.061872340404977355
Failing aggregator! 2018-06-18T19:32:49.908
Creating FileOutput 2018-06-18T19:32:50.129
Creating aggregator 2018-06-18T19:32:58.676
Creating FileOutput 2018-06-18T19:32:58.695
0.0030246340777208003
Failing aggregator! 2018-06-18T19:32:58.806
Creating aggregator 2018-06-18T19:33:07.975
0.7536372581491568
0.2517283212522571
0.644123716104577
0.03747993677192374
Failing aggregator! 2018-06-18T19:33:08.088
Creating FileOutput 2018-06-18T19:33:08.281
Creating aggregator 2018-06-18T19:33:17.122
0.9020747472898701
0.8581432577861232
0.6705828647406941
0.6020644016387601
0.64019285606644
0.5881281095690216
0.48555586362993663
0.18632999004676265
0.8051046992988387
0.8332784081686497
0.13080897333344055
0.9865057984058146
0.6077399571915351
0.1327215313207295
0.6278348077173311
0.12122886453781612
0.02946564326263812
Failing aggregator! 2018-06-18T19:33:17.255
Creating FileOutput 2018-06-18T19:33:17.346
Creating aggregator 2018-06-18T19:33:26.236
0.610388563103381
0.5167014604714979
0.22719288465293508
0.9968929313315045
0.05887320256411854
Failing aggregator! 2018-06-18T19:33:26.362
Creating FileOutput 2018-06-18T19:33:26.411
Creating aggregator 2018-06-18T19:33:35.278
0.25708277241577193
0.8800630002633719
0.2951378522417919
0.24120006521748094
0.8698219731799459
0.5546913147969483
0.014694533717636404
Failing aggregator! 2018-06-18T19:33:35.393
Creating FileOutput 2018-06-18T19:33:35.484
Creating aggregator 2018-06-18T19:33:44.424
0.20879953369627546
0.4004307697340097
0.42187393790845407
0.24379448662035208
0.6523334301721999
0.16188604908100435
0.78700150972374
0.716624311319373
0.2505478866652866
0.5384440554726485
0.37123697876877826
0.23360913604926647
0.19344623666615846
0.7171711679013256
0.8104948478940863
0.5660018101704265
0.018996559989174266
Failing aggregator! 2018-06-18T19:33:44.545
Creating FileOutput 2018-06-18T19:33:44.549
Creating aggregator 2018-06-18T19:33:53.471
0.501139183885095
0.9508557717272728
0.8928297957864649
0.9097615918416321
0.28026855692044783
0.7324825697829449
0.042808119845974546
Failing aggregator! 2018-06-18T19:33:53.592
Creating FileOutput 2018-06-18T19:33:53.624
Creating aggregator 2018-06-18T19:34:02.689
Creating FileOutput 2018-06-18T19:34:02.695
0.39265959284432717
0.878982298715768
0.20774371002986536
0.9268919245502353
0.26424624254028495
0.5695077984501016
0.09520938243071109
Failing aggregator! 2018-06-18T19:34:02.807
Creating FileOutput 2018-06-18T19:34:11.775
Creating aggregator 2018-06-18T19:34:11.847
0.9846687186933495
0.5498545727323201
0.47107475256802156
0.962325549125161
0.10379838288759125
0.9945966753692211
0.3440602282448585
0.20088742038682306
0.38134036194864906
0.004435992303236547
Failing aggregator! 2018-06-18T19:34:11.952
Creating FileOutput 2018-06-18T19:34:20.836
Creating aggregator 2018-06-18T19:34:20.882
0.5547902959463324
0.5628836764112939
0.5264998634478164
0.324440407905666
0.5819955551227454
0.9397828151419394
0.6872691307645016
0.040688144517999625
Failing aggregator! 2018-06-18T19:34:21.012
Creating aggregator 2018-06-18T19:34:30.180
0.788049953174997
0.13154003660570024
0.5083553333516675
0.9942629279805144
0.7578460199563488
0.3338890920056916
0.9377796890175237
0.1638130520887784
0.2257194071963844
0.569603305481102
0.04477867515640954
Failing aggregator! 2018-06-18T19:34:30.298
Creating FileOutput 2018-06-18T19:34:30.400
Creating aggregator 2018-06-18T19:34:39.141
0.07998881557744408
Failing aggregator! 2018-06-18T19:34:39.258
Creating FileOutput 2018-06-18T19:34:39.454
Creating aggregator 2018-06-18T19:34:48.174
0.7004030758627418
0.1266789139912543
0.8375168900489316
0.6610299759866655
0.43975076066711616
0.27500934564392077
0.8624909230271155
0.8628114141018783
0.03131378066660728
Failing aggregator! 2018-06-18T19:34:48.300
Creating FileOutput 2018-06-18T19:34:48.514
Creating aggregator 2018-06-18T19:34:57.422
0.5655074051462193
0.02581019007569796
Failing aggregator! 2018-06-18T19:34:57.552
Creating FileOutput 2018-06-18T19:34:57.569
Creating aggregator 2018-06-18T19:35:06.405
0.06730574180495108
Failing aggregator! 2018-06-18T19:35:06.506
Creating FileOutput 2018-06-18T19:35:06.618
Creating aggregator 2018-06-18T19:35:15.568
Creating FileOutput 2018-06-18T19:35:15.666
0.05665580625024125
Failing aggregator! 2018-06-18T19:35:15.674
Creating FileOutput 2018-06-18T19:35:24.718
Creating aggregator 2018-06-18T19:35:24.781
0.8267422982287354
0.4974058422668438
0.24193978675418937
0.5119334145035312
0.821212048130634
0.004983923043782257
Failing aggregator! 2018-06-18T19:35:24.920
Creating aggregator 2018-06-18T19:35:33.758
Creating FileOutput 2018-06-18T19:35:33.767
0.2577454573313429
0.3769177712819147
0.4354976927547827
0.739993961821757
0.8327506871623649
0.19880520797225654
0.3312687520008608
0.8832129881367431
0.9899389740293423
0.8541569147187271
0.4144739328186222
0.7365766286657274
0.8551062185599682
0.135956444142032
0.11980002345999574
0.06858198674578886
Failing aggregator! 2018-06-18T19:35:33.897
Creating aggregator 2018-06-18T19:35:42.950
0.22846815707270174
0.30016593227186683
0.13010676152212042
0.487647354376163
0.4780572418294733
0.9615432438060382
0.3727540487891483
0.9822241775870009
0.3132925604196174
0.43278466188684905
0.5911741841721891
0.5576344957597169
0.07901303588991337
Failing aggregator! 2018-06-18T19:35:43.069
Creating FileOutput 2018-06-18T19:35:43.328
Creating aggregator 2018-06-18T19:35:52.042
0.7958610804284385
0.06955397442167022
Failing aggregator! 2018-06-18T19:35:52.173
Creating FileOutput 2018-06-18T19:35:52.390
Creating aggregator 2018-06-18T19:36:01.232
0.014269853290636014
Failing aggregator! 2018-06-18T19:36:01.366
Creating FileOutput 2018-06-18T19:36:01.439
Creating aggregator 2018-06-18T19:36:10.296
0.7141384524073002
0.4201790463067463
0.9100782606656219
0.10545874020402901
0.3553085204394967
0.19848943547979614
0.6904691779523973
0.36662169009261647
0.7321574896695991
0.1088343096524651
0.9279296932709113
0.039679987231248104
Failing aggregator! 2018-06-18T19:36:10.416
Creating FileOutput 2018-06-18T19:36:10.496
Creating aggregator 2018-06-18T19:36:19.391
0.9382901143074934
0.02661617166370478
Failing aggregator! 2018-06-18T19:36:19.501
Creating FileOutput 2018-06-18T19:36:19.549
Creating FileOutput 2018-06-18T19:36:28.600
Creating aggregator 2018-06-18T19:36:28.635
0.9382757657888284
0.34233654642840505
0.5672662160098599
0.9096052121780194
0.7526588890417251
0.37828730950924017
0.03221713192226483
Failing aggregator! 2018-06-18T19:36:28.738
Creating FileOutput 2018-06-18T19:36:37.663
Creating aggregator 2018-06-18T19:36:37.752
0.6627955034687584
0.9103180968841776
0.25110956732869316
0.9703673283452927
0.14987354332333092
0.9283337743580957
0.6012641216356555
0.5775714731671329
0.5058591232869855
0.8150330014421742
0.04692532297269736
Failing aggregator! 2018-06-18T19:36:37.853
Creating FileOutput 2018-06-18T19:36:46.737
Creating aggregator 2018-06-18T19:36:46.815
0.4681008183125991
0.4889776958770531
0.5281496576958087
0.26410062735651063
6.115094046700298E-4
Failing aggregator! 2018-06-18T19:36:46.914
Creating aggregator 2018-06-18T19:36:55.940
0.638476706612205
0.2557892334980977
0.9404616882728815
0.36510305865555914
0.04947622200820412
Failing aggregator! 2018-06-18T19:36:56.051
Creating FileOutput 2018-06-18T19:36:56.288
Creating aggregator 2018-06-18T19:37:04.982
0.39824824497697175
0.4755573488386501
0.06750093737200169
Failing aggregator! 2018-06-18T19:37:05.100
Creating FileOutput 2018-06-18T19:37:05.333
Creating aggregator 2018-06-18T19:37:14.180
0.5690889626682164
0.16429811949077644
0.03285229134804846
Failing aggregator! 2018-06-18T19:37:14.294
Creating FileOutput 2018-06-18T19:37:14.380
Creating aggregator 2018-06-18T19:37:23.266
0.9769356707654276
0.2677187679552091
0.19704093853414661
0.8284399102942371
0.7375650346318156
0.649594194496004
0.6333732665877069
0.8219878582924861
0.10733826279076897
0.7383432443592682
0.9938950373359617
0.8467531714589275
0.29346075097823865
0.3684107192667835
0.8524164364718573
0.31593805531571506
0.7266907089514829
0.7868963779507219
0.11743397499918651
0.5955151049706892
0.531497699884862
0.23817815681519128
0.4175955375453253
0.014651941726875006
Failing aggregator! 2018-06-18T19:37:23.389
Creating FileOutput 2018-06-18T19:37:23.429
[1.0, 2.0, 3.0, 4.0, 5.0, 6.0, 7.0, 8.0, 9.0, 10.0, 11.0, 12.0, 13.0, 14.0, 15.0, 16.0, 17.0, 18.0, 19.0, 20.0]
[1.0, 2.0, 3.0, 4.0, 5.0, 6.0, 7.0, 8.0, 9.0, 10.0, 11.0, 12.0, 13.0, 14.0, 15.0, 16.0, 17.0, 18.0, 19.0, 20.0, 21.0]
[1.0, 2.0, 3.0, 4.0, 5.0, 6.0, 7.0, 8.0, 9.0, 10.0, 11.0, 12.0, 13.0, 14.0, 15.0, 16.0, 17.0, 18.0, 19.0, 20.0, 21.0, 22.0]
[1.0, 2.0, 3.0, 4.0, 5.0, 6.0, 7.0, 8.0, 9.0, 10.0, 11.0, 12.0, 13.0, 14.0, 15.0, 16.0, 17.0, 18.0, 19.0, 20.0, 21.0, 22.0, 23.0]
Creating aggregator 2018-06-18T19:37:32.381
Creating FileOutput 2018-06-18T19:37:32.476
0.11716911974994093
0.902484164586747
0.3337453438255461
0.8703132016666296
0.48481336148913
0.507533260818683
0.683107029981346
0.6238936581765906
0.4557862275530017
0.3448673404078817
0.8263559960586497
0.4922894822066466
0.13218924950130562
0.5682620375100031
0.10079967212308272
0.6240731909848397
0.9620621827909749
0.855306486145889
0.9056974832970214
0.13372578199623553
0.03769259834647698
Failing aggregator! 2018-06-18T19:37:32.509
Creating FileOutput 2018-06-18T19:37:41.521
Creating aggregator 2018-06-18T19:37:41.543
0.2764495877370925
0.9010408270156854
0.36101591317925197
0.9475358013191237
0.7773102258770677
0.8290586826223776
0.7121864981969579
0.8933569155017128
0.9306326844210235
0.6664686829667855
0.6763149342974465
0.2055968076726017
0.7590522890196445
0.6241592585225378
0.31643956839434406
0.5931963390035515
0.17693211604547743
0.20156931829358193
0.541062730429922
0.6982169757970884
0.9828436730964779
0.3593695457454056
0.3505654351522288
0.5262204316978226
0.7296840710496627
0.7012471876924045
0.28388075578060523
0.22528749266979842
0.38993679046249685
0.8542356885628714
0.24415384314759248
0.9230443716297063
0.9110824769500869
0.23192998402810772
0.5727668435816011
0.3423230678228869
0.04807667378057501
Failing aggregator! 2018-06-18T19:37:41.670
[1.0, 2.0, 3.0, 4.0, 5.0, 6.0, 7.0, 8.0, 9.0, 10.0, 11.0, 12.0, 13.0, 14.0, 15.0, 16.0, 17.0, 18.0, 19.0, 20.0, 21.0, 22.0, 23.0]
[1.0, 2.0, 3.0, 4.0, 5.0, 6.0, 7.0, 8.0, 9.0, 10.0, 11.0, 12.0, 13.0, 14.0, 15.0, 16.0, 17.0, 18.0, 19.0, 20.0, 21.0, 22.0, 23.0, 24.0]
[1.0, 2.0, 3.0, 4.0, 5.0, 6.0, 7.0, 8.0, 9.0, 10.0, 11.0, 12.0, 13.0, 14.0, 15.0, 16.0, 17.0, 18.0, 19.0, 20.0, 21.0, 22.0, 23.0, 24.0, 25.0]
[1.0, 2.0, 3.0, 4.0, 5.0, 6.0, 7.0, 8.0, 9.0, 10.0, 11.0, 12.0, 13.0, 14.0, 15.0, 16.0, 17.0, 18.0, 19.0, 20.0, 21.0, 22.0, 23.0, 24.0, 25.0, 26.0]
[1.0, 2.0, 3.0, 4.0, 5.0, 6.0, 7.0, 8.0, 9.0, 10.0, 11.0, 12.0, 13.0, 14.0, 15.0, 16.0, 17.0, 18.0, 19.0, 20.0, 21.0, 22.0, 23.0, 24.0, 25.0, 26.0, 27.0]
[1.0, 2.0, 3.0, 4.0, 5.0, 6.0, 7.0, 8.0, 9.0, 10.0, 11.0, 12.0, 13.0, 14.0, 15.0, 16.0, 17.0, 18.0, 19.0, 20.0, 21.0, 22.0, 23.0, 24.0, 25.0, 26.0, 27.0, 28.0]
[1.0, 2.0, 3.0, 4.0, 5.0, 6.0, 7.0, 8.0, 9.0, 10.0, 11.0, 12.0, 13.0, 14.0, 15.0, 16.0, 17.0, 18.0, 19.0, 20.0, 21.0, 22.0, 23.0, 24.0, 25.0, 26.0, 27.0, 28.0, 29.0]
[1.0, 2.0, 3.0, 4.0, 5.0, 6.0, 7.0, 8.0, 9.0, 10.0, 11.0, 12.0, 13.0, 14.0, 15.0, 16.0, 17.0, 18.0, 19.0, 20.0, 21.0, 22.0, 23.0, 24.0, 25.0, 26.0, 27.0, 28.0, 29.0, 30.0]
[1.0, 2.0, 3.0, 4.0, 5.0, 6.0, 7.0, 8.0, 9.0, 10.0, 11.0, 12.0, 13.0, 14.0, 15.0, 16.0, 17.0, 18.0, 19.0, 20.0, 21.0, 22.0, 23.0, 24.0, 25.0, 26.0, 27.0, 28.0, 29.0, 30.0, 31.0]
[1.0, 2.0, 3.0, 4.0, 5.0, 6.0, 7.0, 8.0, 9.0, 10.0, 11.0, 12.0, 13.0, 14.0, 15.0, 16.0, 17.0, 18.0, 19.0, 20.0, 21.0, 22.0, 23.0, 24.0, 25.0, 26.0, 27.0, 28.0, 29.0, 30.0, 31.0, 32.0]
[1.0, 2.0, 3.0, 4.0, 5.0, 6.0, 7.0, 8.0, 9.0, 10.0, 11.0, 12.0, 13.0, 14.0, 15.0, 16.0, 17.0, 18.0, 19.0, 20.0, 21.0, 22.0, 23.0, 24.0, 25.0, 26.0, 27.0, 28.0, 29.0, 30.0, 31.0, 32.0, 33.0]
[1.0, 2.0, 3.0, 4.0, 5.0, 6.0, 7.0, 8.0, 9.0, 10.0, 11.0, 12.0, 13.0, 14.0, 15.0, 16.0, 17.0, 18.0, 19.0, 20.0, 21.0, 22.0, 23.0, 24.0, 25.0, 26.0, 27.0, 28.0, 29.0, 30.0, 31.0, 32.0, 33.0, 34.0]
[1.0, 2.0, 3.0, 4.0, 5.0, 6.0, 7.0, 8.0, 9.0, 10.0, 11.0, 12.0, 13.0, 14.0, 15.0, 16.0, 17.0, 18.0, 19.0, 20.0, 21.0, 22.0, 23.0, 24.0, 25.0, 26.0, 27.0, 28.0, 29.0, 30.0, 31.0, 32.0, 33.0, 34.0, 35.0]
[1.0, 2.0, 3.0, 4.0, 5.0, 6.0, 7.0, 8.0, 9.0, 10.0, 11.0, 12.0, 13.0, 14.0, 15.0, 16.0, 17.0, 18.0, 19.0, 20.0, 21.0, 22.0, 23.0, 24.0, 25.0, 26.0, 27.0, 28.0, 29.0, 30.0, 31.0, 32.0, 33.0, 34.0, 35.0, 36.0]
Creating FileOutput 2018-06-18T19:37:50.576
Creating aggregator 2018-06-18T19:37:50.705
0.3336002951063053
0.9194425711920292
0.20581612964749363
0.28260144594314873
0.004654402739795227
Failing aggregator! 2018-06-18T19:37:50.803
Creating aggregator 2018-06-18T19:37:59.827
0.28575363102697904
0.6783885347655527
0.6886053866707498
0.6469513444012045
0.3745336037641239
0.89669521282573
0.3338350736613589
0.1439511396131512
0.4814973590548314
0.6324461345269734
0.29788806443977056
0.63639126709382
0.23638263692092953
0.31130424141164004
0.9653163993449098
0.061176924792527676
Failing aggregator! 2018-06-18T19:37:59.958
Creating FileOutput 2018-06-18T19:38:00.136
Creating aggregator 2018-06-18T19:38:08.789
0.9156053857961429
0.9969042341724146
0.25078893343591246
0.3500158227514195
0.6980493200049126
0.8984950165318436
0.5516709023219509
0.7556771023612494
0.10927398505985864
0.817085136202165
0.8641494171187418
0.635543578403357
0.3703595580258311
0.32320514834176683
0.38689383882908446
0.10137193797201882
0.7610113263631361
0.2796619770145029
0.795291491097023
0.19666939187919152
0.9870191969786511
0.9592013458210635
0.736052464549432
0.023511557624043666
Failing aggregator! 2018-06-18T19:38:08.918
Creating FileOutput 2018-06-18T19:38:09.173
Creating aggregator 2018-06-18T19:38:17.928
0.7053422564837328
0.5445505199064746
0.1594654414632326
0.6878522959156922
0.6116897923067707
0.36821174410260815
0.05163850885721377
Failing aggregator! 2018-06-18T19:38:18.043
Creating FileOutput 2018-06-18T19:38:18.210
Creating aggregator 2018-06-18T19:38:27.114
0.8562009746805265
0.053614255599164995
Failing aggregator! 2018-06-18T19:38:27.238
Creating FileOutput 2018-06-18T19:38:27.252
Creating aggregator 2018-06-18T19:38:36.211
Creating FileOutput 2018-06-18T19:38:36.293
0.7043890556806103
0.7152615232090586
0.023478339462656428
Failing aggregator! 2018-06-18T19:38:36.332
Creating FileOutput 2018-06-18T19:38:45.330
Creating aggregator 2018-06-18T19:38:45.329
0.3420025765237297
0.23227745327773897
0.5334882078028651
0.8860238329964782
0.1446514167769416
0.27825117223676477
0.9292342478250023
0.011618654977550547
Failing aggregator! 2018-06-18T19:38:45.443
Creating FileOutput 2018-06-18T19:38:54.380
Creating aggregator 2018-06-18T19:38:54.412
0.8838860091348586
0.15347185757565873
0.7402570355365975
0.6778054294260789
0.3121232790500378
0.9601721766676624
0.6282041427539321
0.6254666120290459
0.8483423229743385
0.3386663697737686
0.432283344623449
0.2691279720160037
0.8355823281492898
0.7471689642829309
0.37264647462872813
0.3305276087961706
0.8306083059065927
0.3578214421542266
0.8711795271922257
0.5634338991229334
0.536771073867589
0.8462009602794134
0.060511835344813636
Failing aggregator! 2018-06-18T19:38:54.528
Creating aggregator 2018-06-18T19:39:03.583
0.19847644782059914
0.6902097423527221
0.42037959597636243
0.6179329061875636
0.20709345654516154
0.5910873190713121
0.08811992854878914
Failing aggregator! 2018-06-18T19:39:03.693
Creating FileOutput 2018-06-18T19:39:03.937
Creating aggregator 2018-06-18T19:39:12.624
0.9590588517173321
0.8580396875600301
0.469337691937447
0.8048487965954947
0.727273616692636
0.4609154044982985
0.5075887477281337
0.5636824616610646
0.23448994228129605
0.10892511887164646
0.5180496931537435
0.822328542314525
0.06922821850121419
Failing aggregator! 2018-06-18T19:39:12.744
Creating FileOutput 2018-06-18T19:39:12.984
Creating aggregator 2018-06-18T19:39:21.757
0.3902444010003553
0.9016271128463582
0.5720732158434936
0.12817868450198655
0.990696061113717
0.5057060667506582
0.8623298854357809
0.9467455264577449
0.4841555240586106
0.45507774691154723
0.8529592459899596
0.44667771089925135
0.7546678875479488
0.7404890968873418
0.6223043443123759
0.4339168364012187
0.44045606189750053
0.06567188901237841
Failing aggregator! 2018-06-18T19:39:21.885
Creating FileOutput 2018-06-18T19:39:22.033
Creating aggregator 2018-06-18T19:39:30.927
0.18747325968755335
0.4208090142409143
0.576107511948178
0.4351501664023888
0.1932839204448087
0.34149558644685374
0.7934211162181589
0.7687068437009863
0.5171346693786738
0.32407220316023577
0.7638931783427861
0.4051834537444512
0.3489829314833277
0.5199213273781531
0.0416379449014852
Failing aggregator! 2018-06-18T19:39:31.052
Creating FileOutput 2018-06-18T19:39:31.080
Creating aggregator 2018-06-18T19:39:39.895
0.17982627513756866
0.9884532113283597
0.24566485163364382
0.3123494927872741
0.2824357734891627
0.611570570990767
0.6694665035189284
0.15757264906990665
0.18135741597113741
0.8872578938089225
0.14040378815522292
0.9134930645375852
0.6255887151942877
0.3604992358352148
0.9997335571761048
0.40832189927979146
0.4128594233944246
0.8560860084625924
0.8756053880124317
0.28768451089591807
0.884305100072261
0.8076082929183754
0.03223503906703107
Failing aggregator! 2018-06-18T19:39:40.023
Creating FileOutput 2018-06-18T19:39:40.120
Creating aggregator 2018-06-18T19:39:49.113
Creating FileOutput 2018-06-18T19:39:49.174
0.8754943251684465
0.476625736401327
0.018178679593284675
Failing aggregator! 2018-06-18T19:39:49.234
Creating aggregator 2018-06-18T19:39:58.195
Creating FileOutput 2018-06-18T19:39:58.223
0.059857772119261576
Failing aggregator! 2018-06-18T19:39:58.312
Creating aggregator 2018-06-18T19:40:07.459
0.009389751980980132
Failing aggregator! 2018-06-18T19:40:07.558
Creating FileOutput 2018-06-18T19:40:07.795
Creating aggregator 2018-06-18T19:40:16.442
0.01949746760608495
Failing aggregator! 2018-06-18T19:40:16.545
Creating FileOutput 2018-06-18T19:40:16.852
Creating aggregator 2018-06-18T19:40:25.556
0.10360782326195173
0.9236185279676361
0.20412220218612054
0.7136749832656787
0.9230530050609701
0.9975742705225126
0.4903444914716083
0.27775934632691024
0.5007497108076236
0.3542693380487605
0.07489413468744655
Failing aggregator! 2018-06-18T19:40:25.677
Creating FileOutput 2018-06-18T19:40:25.898
Creating aggregator 2018-06-18T19:40:34.706
0.6791520023343096
0.33053130670728303
0.6781079548394334
0.3319783175075737
0.5758924818468716
0.720119713453017
0.8517547339231327
0.829693409603064
0.39715831165126103
0.2583738556981552
0.38224583305340376
0.772580524567642
0.31581417790115673
0.5438349964781473
0.09282506442722571
Failing aggregator! 2018-06-18T19:40:34.867
Creating FileOutput 2018-06-18T19:40:34.937
Creating aggregator 2018-06-18T19:40:43.794
0.9059693744033475
0.9152196579018103
0.0894230978741325
Failing aggregator! 2018-06-18T19:40:43.905
Creating FileOutput 2018-06-18T19:40:43.988
Creating FileOutput 2018-06-18T19:40:53.043
Creating aggregator 2018-06-18T19:40:53.125
0.5207668835301793
0.9619307152103326
0.4298531832385125
0.2281441990316908
0.15190638637880127
0.3320819278066053
0.6605479989136948
0.15028423232899824
0.17218617819670812
0.01845452695712868
Failing aggregator! 2018-06-18T19:40:53.228
Creating aggregator 2018-06-18T19:41:02.003
Creating FileOutput 2018-06-18T19:41:02.091
0.15916801443428885
0.6467352126383714
0.19405244516972742
0.8788917457997224
0.2847313794022386
0.25010939401912613
0.5541082219026533
0.6631259997508284
0.6420111791472963
0.857824517891391
0.04766679933043416
Failing aggregator! 2018-06-18T19:41:02.123
Creating aggregator 2018-06-18T19:41:11.304
0.872224264569781
0.7986563775498291
0.639608063642922
0.24849543339449198
0.797867570275366
0.6762669336552607
0.12834910239812414
0.8162644125184385
0.5517631120348446
0.10783759372648727
0.1128826478625703
0.8521134156902551
0.3268138847437497
0.6237363770448217
0.5454438489939372
0.076396264712286
Failing aggregator! 2018-06-18T19:41:11.438
Creating FileOutput 2018-06-18T19:41:11.637
Creating aggregator 2018-06-18T19:41:20.345
0.019598662906218034
Failing aggregator! 2018-06-18T19:41:20.454
Creating FileOutput 2018-06-18T19:41:20.685
Creating aggregator 2018-06-18T19:41:29.485
0.6914086167553959
0.90693235012707
0.12595911527520232
0.3285863413688662
0.6636842932690115
0.904614977194699
0.4577057332137766
0.5312732018002936
0.16392170779840143
0.3283088352153085
0.9594231089634155
0.6951560329378061
0.34690451884008666
0.3940200669231758
0.7053746669346473
0.5946444314149518
0.385761256575346
0.16801710175214002
0.9266820538074717
0.4037916801829796
0.4059527512292743
0.7066070473643821
0.578774130524537
0.059406421685389676
Failing aggregator! 2018-06-18T19:41:29.623
Creating FileOutput 2018-06-18T19:41:29.730
Creating aggregator 2018-06-18T19:41:38.518
0.40200863452474533
0.2553574281445664
0.5977028746985502
0.5905590331290614
0.006698529991271962
Failing aggregator! 2018-06-18T19:41:38.634
Creating FileOutput 2018-06-18T19:41:38.772
Creating aggregator 2018-06-18T19:41:47.828
Creating FileOutput 2018-06-18T19:41:47.834
0.18872430714082356
0.7999192153806711
0.8876053934596557
0.10975996793394449
0.6207118334276311
0.40097649503958666
0.23586350419244373
0.7851842794324851
0.30801438487809807
0.4665577298075889
0.6033669628309519
0.5898816977076262
0.921370336397909
0.7292333493998382
0.13095161416262735
0.30916988033784754
0.002416251938789693
Failing aggregator! 2018-06-18T19:41:47.949
Creating aggregator 2018-06-18T19:41:56.826
Creating FileOutput 2018-06-18T19:41:56.885
0.2727427156360094
0.8261061439135592
0.3623237844915391
0.30232909071223857
0.4680263846752257
0.499269875390263
0.9603811292020277
0.8526452566945831
0.18015859786184585
0.17674398387702106
0.8695475706458949
0.703381543873319
0.14918653026040096
0.05331244562245996
Failing aggregator! 2018-06-18T19:41:56.984
Creating aggregator 2018-06-18T19:42:05.900
Creating FileOutput 2018-06-18T19:42:05.936
0.3186555604781204
0.25750254134910056
0.029747999415796533
Failing aggregator! 2018-06-18T19:42:06.041
Creating aggregator 2018-06-18T19:42:14.912
Creating FileOutput 2018-06-18T19:42:14.983
0.921161777725781
0.8009909969673826
0.23350217817690033
0.7398859583850478
0.3685129649774419
0.6375757640073955
0.9784461885796369
0.7785914889151062
0.29437690996604793
0.45395899785614113
0.18760861763620784
0.5350912681584449
0.12177927550553436
0.28745125310502895
0.4182874150059116
0.6938900146213097
0.13107010171969158
0.5654427529844636
0.5312201955131378
0.8281558354887242
0.8874178406295918
0.5548580583221172
0.17383213513791962
0.3621678977315521
0.6289319034880622
0.5333533364872896
0.9329153946360158
0.1394402897705519
0.27993388805710473
0.8345929943367792
0.015125925833214593
Failing aggregator! 2018-06-18T19:42:15.064
Creating FileOutput 2018-06-18T19:42:24.027
Creating aggregator 2018-06-18T19:42:24.085
0.5585357838932878
0.1658018114938944
0.7237785161581268
0.8561631355531389
0.25641046733320205
0.5224221935622425
0.9027944910784077
0.3973351921899523
0.7113757050241063
0.9288676721491932
0.09039492533623994
Failing aggregator! 2018-06-18T19:42:24.194
Creating aggregator 2018-06-18T19:42:33.318
0.6006484397038531
0.9231617479342723
0.23899334058786692
0.5921855612446045
0.1787182531986351
0.39840424592656876
0.7420686025401259
0.8870680538842557
0.8767334447497567
0.15123873855243164
0.7067341633780427
0.35849372408067837
0.01833771176848975
Failing aggregator! 2018-06-18T19:42:33.440
Creating FileOutput 2018-06-18T19:42:33.574
Creating aggregator 2018-06-18T19:42:42.325
0.050159142965725434
Failing aggregator! 2018-06-18T19:42:42.429
Creating FileOutput 2018-06-18T19:42:42.616
Creating aggregator 2018-06-18T19:42:51.406
0.7799017230221907
0.6045844400282062
0.9722654487843472
0.25528198606496433
0.6633668307198443
0.6184132325230128
0.3157391505138638
0.27070730942582233
0.6530543281619351
0.04190292250024319
Failing aggregator! 2018-06-18T19:42:51.524
Creating FileOutput 2018-06-18T19:42:51.655
Creating aggregator 2018-06-18T19:43:00.548
0.23215502549130018
0.29112625386889446
0.12261126228955699
0.5060709048461681
0.6827709807065885
0.7968051387561413
0.37604093896238866
0.8864099169302817
0.6852206244745163
0.763271001773519
0.09545801021338518
Failing aggregator! 2018-06-18T19:43:00.667
Creating FileOutput 2018-06-18T19:43:00.694
Creating aggregator 2018-06-18T19:43:09.623
0.7389926173173252
Creating FileOutput 2018-06-18T19:43:09.730
0.4378518587212231
0.798493467291964
0.3052323742780383
0.7712085432430565
0.2547480615426321
0.8538873404213505
0.38929860792184356
0.9645885692530687
0.9499652576342925
0.5520795029728348
0.4043800283865966
0.6126863417145568
0.6400436759098032
0.4801165773726136
0.6689030864003682
0.3963396874452185
0.9338849070547911
0.24280109811945894
0.5614268439724128
0.1297386483435493
0.03499539020134268
Failing aggregator! 2018-06-18T19:43:09.748
Creating aggregator 2018-06-18T19:43:19.571
0.2924285593076078
0.1561946809585698
0.9586278750416998
0.018362665419936586
Failing aggregator! 2018-06-18T19:43:19.717
Creating FileOutput 2018-06-18T19:43:19.787
Creating aggregator 2018-06-18T19:43:28.046
0.5956641726841498
0.08967195539244399
Failing aggregator! 2018-06-18T19:43:28.160
Creating FileOutput 2018-06-18T19:43:28.323
Creating aggregator 2018-06-18T19:43:36.987
0.5445310620823139
0.7354881377260366
0.4455854400545981
0.3058404894614024
0.552615936381383
0.6163266478403986
0.802146071057085
0.7789235611154901
0.768030440924822
0.36536849659718906
0.28502324354590647
0.924717557210721
0.014936593201166026
Failing aggregator! 2018-06-18T19:43:37.101
Creating FileOutput 2018-06-18T19:43:37.361
Creating aggregator 2018-06-18T19:43:46.265
0.2419867055988112
0.922347781590972
0.6197567801481266
0.8637934493719642
0.6801644449876293
0.6323605872526393
0.04637671102884666
Failing aggregator! 2018-06-18T19:43:46.379
Creating FileOutput 2018-06-18T19:43:46.403
Creating aggregator 2018-06-18T19:43:55.315
0.7756794431449847
0.8407175399952407
0.6092954066904082
0.9704051314054976
0.6522731329545831
0.8709944854365285
0.20643562159268491
0.8723049640672558
0.6840937946335707
0.6490698412739639
0.5356320537548334
0.40331914762483023
0.7638634614004733
0.19787234436211132
0.7630764731058385
0.35450516859819325
0.6836717373598411
0.08976924896974536
Failing aggregator! 2018-06-18T19:43:55.436
Creating FileOutput 2018-06-18T19:43:55.454
Creating aggregator 2018-06-18T19:44:04.450
Creating FileOutput 2018-06-18T19:44:04.489
0.5670335681777724
0.42546132992117336
0.9497377484213351
0.1452566647362894
0.4787745296688781
0.34708736786686234
0.482125506322011
0.6442595288150615
0.14076420898517938
0.9720807844922156
0.020316151930834914
Failing aggregator! 2018-06-18T19:44:04.572
Creating aggregator 2018-06-18T19:44:13.477
Creating FileOutput 2018-06-18T19:44:13.525
0.2770288758296606
0.9814670652503374
0.43342389471839293
0.8442189661346159
0.8925909555576262
0.3668512951392958
0.617849152339205
0.790936635176791
0.16502513619651915
0.8765142467829603
0.8435384969884565
0.9037888583682774
0.11573406677964326
0.5090796709645515
0.9452110304523956
0.6552964224184713
0.08716634960535441
Failing aggregator! 2018-06-18T19:44:13.605
Creating FileOutput 2018-06-18T19:44:22.574
Creating aggregator 2018-06-18T19:44:22.645
0.1628210275500187
0.29786758517784984
0.6215256000419517
0.7770310863007509
0.15305114500071293
0.4172308162487577
0.13540864467534253
0.826220841230721
0.7259034344440802
0.25091819250587055
0.030907791537046814
Failing aggregator! 2018-06-18T19:44:22.763
Creating aggregator 2018-06-18T19:44:31.919
0.06967147567119514
Failing aggregator! 2018-06-18T19:44:32.067
Creating FileOutput 2018-06-18T19:44:32.120
Creating aggregator 2018-06-18T19:44:40.807
0.3967921234943247
0.9941911753781386
0.0822055886002111
Failing aggregator! 2018-06-18T19:44:40.920
Creating FileOutput 2018-06-18T19:44:41.150
Creating aggregator 2018-06-18T19:44:49.924
0.5947321460140969
0.1031191365835612
0.7789982427158916
0.21337292932939533
0.5647299661211492
0.5974039183408113
0.8087693547139477
0.2777325317576097
0.9772925459398122
0.6712253923334786
0.14083776949909865
0.0758052744932588
Failing aggregator! 2018-06-18T19:44:50.045
Creating FileOutput 2018-06-18T19:44:50.186
Creating aggregator 2018-06-18T19:44:59.110
0.05424730865394889
Failing aggregator! 2018-06-18T19:44:59.223
Creating FileOutput 2018-06-18T19:44:59.228
Creating aggregator 2018-06-18T19:45:08.246
Creating FileOutput 2018-06-18T19:45:08.266
0.12221165003312995
0.8757032963721954
0.482927370615055
0.1505001601196908
0.05915497053948793
Failing aggregator! 2018-06-18T19:45:08.387
Creating FileOutput 2018-06-18T19:45:17.308
Creating aggregator 2018-06-18T19:45:17.410
0.0189534622714993
Failing aggregator! 2018-06-18T19:45:17.496
Creating aggregator 2018-06-18T19:45:26.432
0.8270513647156434
0.4194010414559397
0.35286541920308634
0.515217955753181
0.06618217369572854
Failing aggregator! 2018-06-18T19:45:26.548
Creating FileOutput 2018-06-18T19:45:26.858
